!SESSION 2013-08-30 08:59:06.151 -----------------------------------------------
eclipse.buildId=4.3.0.I20130605-2000
java.version=1.6.0_45
java.vendor=Sun Microsystems Inc.
BootLoader constants: OS=win32, ARCH=x86, WS=win32, NL=zh_CN
Framework arguments:  -product org.eclipse.epp.package.standard.product
Command-line arguments:  -os win32 -ws win32 -arch x86 -clean -product org.eclipse.epp.package.standard.product

!ENTRY org.eclipse.osgi 4 0 2013-08-30 08:59:08.447
!MESSAGE The -clean (osgi.clean) option was not successful. Unable to clean the storage area: D:\RIA-eclipse-4.3\configuration\org.eclipse.osgi

!ENTRY org.eclipse.equinox.p2.core 4 0 2013-08-30 08:59:24.291
!MESSAGE Provisioning exception
!STACK 1
org.eclipse.equinox.p2.core.ProvisionException: No repository found at jar:file:/D:/RIA-eclipse-4.3/dropins/uap.middleware.jar!/.
	at org.eclipse.equinox.internal.p2.repository.helpers.AbstractRepositoryManager.fail(AbstractRepositoryManager.java:395)
	at org.eclipse.equinox.internal.p2.repository.helpers.AbstractRepositoryManager.loadRepository(AbstractRepositoryManager.java:692)
	at org.eclipse.equinox.internal.p2.metadata.repository.MetadataRepositoryManager.loadRepository(MetadataRepositoryManager.java:96)
	at org.eclipse.equinox.internal.p2.metadata.repository.MetadataRepositoryManager.loadRepository(MetadataRepositoryManager.java:92)
	at org.eclipse.equinox.internal.p2.reconciler.dropins.Activator.loadMetadataRepository(Activator.java:99)
	at org.eclipse.equinox.internal.p2.reconciler.dropins.DropinsRepositoryListener.getMetadataRepository(DropinsRepositoryListener.java:233)
	at org.eclipse.equinox.internal.p2.reconciler.dropins.DropinsRepositoryListener.addRepository(DropinsRepositoryListener.java:122)
	at org.eclipse.equinox.internal.p2.reconciler.dropins.DropinsRepositoryListener.added(DropinsRepositoryListener.java:96)
	at org.eclipse.equinox.internal.provisional.p2.directorywatcher.DirectoryWatcher.processFile(DirectoryWatcher.java:197)
	at org.eclipse.equinox.internal.provisional.p2.directorywatcher.DirectoryWatcher.scanDirectories(DirectoryWatcher.java:160)
	at org.eclipse.equinox.internal.provisional.p2.directorywatcher.DirectoryWatcher.poll(DirectoryWatcher.java:108)
	at org.eclipse.equinox.internal.p2.reconciler.dropins.Activator.watchDropins(Activator.java:542)
	at org.eclipse.equinox.internal.p2.reconciler.dropins.Activator.start(Activator.java:172)
	at org.eclipse.osgi.framework.internal.core.BundleContextImpl$1.run(BundleContextImpl.java:711)
	at java.security.AccessController.doPrivileged(Native Method)
	at org.eclipse.osgi.framework.internal.core.BundleContextImpl.startActivator(BundleContextImpl.java:702)
	at org.eclipse.osgi.framework.internal.core.BundleContextImpl.start(BundleContextImpl.java:683)
	at org.eclipse.osgi.framework.internal.core.BundleHost.startWorker(BundleHost.java:381)
	at org.eclipse.osgi.framework.internal.core.AbstractBundle.resume(AbstractBundle.java:390)
	at org.eclipse.osgi.framework.internal.core.Framework.resumeBundle(Framework.java:1176)
	at org.eclipse.osgi.framework.internal.core.StartLevelManager.resumeBundles(StartLevelManager.java:559)
	at org.eclipse.osgi.framework.internal.core.StartLevelManager.resumeBundles(StartLevelManager.java:544)
	at org.eclipse.osgi.framework.internal.core.StartLevelManager.incFWSL(StartLevelManager.java:457)
	at org.eclipse.osgi.framework.internal.core.StartLevelManager.doSetStartLevel(StartLevelManager.java:243)
	at org.eclipse.osgi.framework.internal.core.StartLevelManager.dispatchEvent(StartLevelManager.java:438)
	at org.eclipse.osgi.framework.internal.core.StartLevelManager.dispatchEvent(StartLevelManager.java:1)
	at org.eclipse.osgi.framework.eventmgr.EventManager.dispatchEvent(EventManager.java:230)
	at org.eclipse.osgi.framework.eventmgr.EventManager$EventThread.run(EventManager.java:340)
!SUBENTRY 1 org.eclipse.equinox.p2.metadata.repository 4 1000 2013-08-30 08:59:24.291
!MESSAGE No repository found at jar:file:/D:/RIA-eclipse-4.3/dropins/uap.middleware.jar!/.

!ENTRY org.eclipse.equinox.p2.core 4 0 2013-08-30 08:59:24.323
!MESSAGE Provisioning exception
!STACK 1
org.eclipse.equinox.p2.core.ProvisionException: No repository found at jar:file:/D:/RIA-eclipse-4.3/dropins/uap.middleware.jar!/.
	at org.eclipse.equinox.internal.p2.repository.helpers.AbstractRepositoryManager.fail(AbstractRepositoryManager.java:395)
	at org.eclipse.equinox.internal.p2.repository.helpers.AbstractRepositoryManager.loadRepository(AbstractRepositoryManager.java:692)
	at org.eclipse.equinox.internal.p2.artifact.repository.ArtifactRepositoryManager.loadRepository(ArtifactRepositoryManager.java:104)
	at org.eclipse.equinox.internal.p2.artifact.repository.ArtifactRepositoryManager.loadRepository(ArtifactRepositoryManager.java:100)
	at org.eclipse.equinox.internal.p2.reconciler.dropins.Activator.loadArtifactRepository(Activator.java:142)
	at org.eclipse.equinox.internal.p2.reconciler.dropins.DropinsRepositoryListener.getArtifactRepository(DropinsRepositoryListener.java:260)
	at org.eclipse.equinox.internal.p2.reconciler.dropins.DropinsRepositoryListener.addRepository(DropinsRepositoryListener.java:123)
	at org.eclipse.equinox.internal.p2.reconciler.dropins.DropinsRepositoryListener.added(DropinsRepositoryListener.java:96)
	at org.eclipse.equinox.internal.provisional.p2.directorywatcher.DirectoryWatcher.processFile(DirectoryWatcher.java:197)
	at org.eclipse.equinox.internal.provisional.p2.directorywatcher.DirectoryWatcher.scanDirectories(DirectoryWatcher.java:160)
	at org.eclipse.equinox.internal.provisional.p2.directorywatcher.DirectoryWatcher.poll(DirectoryWatcher.java:108)
	at org.eclipse.equinox.internal.p2.reconciler.dropins.Activator.watchDropins(Activator.java:542)
	at org.eclipse.equinox.internal.p2.reconciler.dropins.Activator.start(Activator.java:172)
	at org.eclipse.osgi.framework.internal.core.BundleContextImpl$1.run(BundleContextImpl.java:711)
	at java.security.AccessController.doPrivileged(Native Method)
	at org.eclipse.osgi.framework.internal.core.BundleContextImpl.startActivator(BundleContextImpl.java:702)
	at org.eclipse.osgi.framework.internal.core.BundleContextImpl.start(BundleContextImpl.java:683)
	at org.eclipse.osgi.framework.internal.core.BundleHost.startWorker(BundleHost.java:381)
	at org.eclipse.osgi.framework.internal.core.AbstractBundle.resume(AbstractBundle.java:390)
	at org.eclipse.osgi.framework.internal.core.Framework.resumeBundle(Framework.java:1176)
	at org.eclipse.osgi.framework.internal.core.StartLevelManager.resumeBundles(StartLevelManager.java:559)
	at org.eclipse.osgi.framework.internal.core.StartLevelManager.resumeBundles(StartLevelManager.java:544)
	at org.eclipse.osgi.framework.internal.core.StartLevelManager.incFWSL(StartLevelManager.java:457)
	at org.eclipse.osgi.framework.internal.core.StartLevelManager.doSetStartLevel(StartLevelManager.java:243)
	at org.eclipse.osgi.framework.internal.core.StartLevelManager.dispatchEvent(StartLevelManager.java:438)
	at org.eclipse.osgi.framework.internal.core.StartLevelManager.dispatchEvent(StartLevelManager.java:1)
	at org.eclipse.osgi.framework.eventmgr.EventManager.dispatchEvent(EventManager.java:230)
	at org.eclipse.osgi.framework.eventmgr.EventManager$EventThread.run(EventManager.java:340)
!SUBENTRY 1 org.eclipse.equinox.p2.artifact.repository 4 1000 2013-08-30 08:59:24.323
!MESSAGE No repository found at jar:file:/D:/RIA-eclipse-4.3/dropins/uap.middleware.jar!/.
